# JRE version: OpenJDK Runtime Environment Microsoft-8035246 (17.0.8+7) (build 17.0.8+7-LTS)
# Java VM: OpenJDK 64-Bit Server VM Microsoft-8035246 (17.0.8+7-LTS, mixed mode, sharing, tiered, compressed oops, compressed class ptrs, g1 gc, windows-amd64)
GC Precious Log:
 CPUs: 4 total, 4 available
 Memory: 3993M
 Large Page Support: Disabled
 NUMA Support: Disabled
 Compressed Oops: Enabled (32-bit)
 Heap Region Size: 1M
 Heap Min Capacity: 8M
 Heap Initial Capacity: 64M
 Heap Max Capacity: 2G
 Pre-touch: Disabled
 Parallel Workers: 4
 Concurrent Workers: 1
 Concurrent Refinement Workers: 4
 Periodic GC: Disabled
Heap:
 garbage-first heap   total 332800K, used 193141K [0x0000000080000000, 0x0000000100000000)
  region size 1024K, 31 young (31744K), 11 survivors (11264K)
 Metaspace       used 102772K, committed 103744K, reserved 557056K
  class space    used 14157K, committed 14592K, reserved 425984K
GC Heap History (20 events):
Event: 42.510 GC heap before
{Heap before GC invocations=34 (full 0):
 garbage-first heap   total 195584K, used 119808K [0x0000000080000000, 0x0000000100000000)
  region size 1024K, 10 young (10240K), 9 survivors (9216K)
 Metaspace       used 91389K, committed 92352K, reserved 557056K
  class space    used 12790K, committed 13248K, reserved 425984K
}
Event: 42.525 GC heap after
{Heap after GC invocations=35 (full 0):
 garbage-first heap   total 195584K, used 120631K [0x0000000080000000, 0x0000000100000000)
  region size 1024K, 2 young (2048K), 2 survivors (2048K)
 Metaspace       used 91389K, committed 92352K, reserved 557056K
  class space    used 12790K, committed 13248K, reserved 425984K
}
Event: 43.792 GC heap before
{Heap before GC invocations=35 (full 0):
 garbage-first heap   total 195584K, used 158519K [0x0000000080000000, 0x0000000100000000)
  region size 1024K, 39 young (39936K), 2 survivors (2048K)
 Metaspace       used 91801K, committed 92736K, reserved 557056K
  class space    used 12820K, committed 13248K, reserved 425984K
}
Event: 43.806 GC heap after
{Heap after GC invocations=36 (full 0):
 garbage-first heap   total 195584K, used 131072K [0x0000000080000000, 0x0000000100000000)
  region size 1024K, 5 young (5120K), 5 survivors (5120K)
 Metaspace       used 91801K, committed 92736K, reserved 557056K
  class space    used 12820K, committed 13248K, reserved 425984K
}
Event: 44.521 GC heap before
{Heap before GC invocations=37 (full 0):
 garbage-first heap   total 244736K, used 156672K [0x0000000080000000, 0x0000000100000000)
  region size 1024K, 29 young (29696K), 5 survivors (5120K)
 Metaspace       used 92129K, committed 93120K, reserved 557056K
  class space    used 12854K, committed 13312K, reserved 425984K
}
Event: 44.537 GC heap after
{Heap after GC invocations=38 (full 0):
 garbage-first heap   total 244736K, used 138527K [0x0000000080000000, 0x0000000100000000)
  region size 1024K, 4 young (4096K), 4 survivors (4096K)
 Metaspace       used 92129K, committed 93120K, reserved 557056K
  class space    used 12854K, committed 13312K, reserved 425984K
}
Event: 44.661 GC heap before
{Heap before GC invocations=38 (full 0):
 garbage-first heap   total 244736K, used 144671K [0x0000000080000000, 0x0000000100000000)
  region size 1024K, 11 young (11264K), 4 survivors (4096K)
 Metaspace       used 92335K, committed 93376K, reserved 557056K
  class space    used 12884K, committed 13376K, reserved 425984K
}
Event: 44.671 GC heap after
{Heap after GC invocations=39 (full 0):
 garbage-first heap   total 244736K, used 139466K [0x0000000080000000, 0x0000000100000000)
  region size 1024K, 2 young (2048K), 2 survivors (2048K)
 Metaspace       used 92335K, committed 93376K, reserved 557056K
  class space    used 12884K, committed 13376K, reserved 425984K
}
Event: 45.738 GC heap before
{Heap before GC invocations=39 (full 0):
 garbage-first heap   total 244736K, used 192714K [0x0000000080000000, 0x0000000100000000)
  region size 1024K, 54 young (55296K), 2 survivors (2048K)
 Metaspace       used 96487K, committed 97472K, reserved 557056K
  class space    used 13486K, committed 13952K, reserved 425984K
}
Event: 45.746 GC heap after
{Heap after GC invocations=40 (full 0):
 garbage-first heap   total 244736K, used 141613K [0x0000000080000000, 0x0000000100000000)
  region size 1024K, 4 young (4096K), 4 survivors (4096K)
 Metaspace       used 96487K, committed 97472K, reserved 557056K
  class space    used 13486K, committed 13952K, reserved 425984K
}
Event: 47.345 GC heap before
{Heap before GC invocations=40 (full 0):
 garbage-first heap   total 244736K, used 196909K [0x0000000080000000, 0x0000000100000000)
  region size 1024K, 58 young (59392K), 4 survivors (4096K)
 Metaspace       used 98686K, committed 99648K, reserved 557056K
  class space    used 13772K, committed 14208K, reserved 425984K
}
Event: 47.367 GC heap after
{Heap after GC invocations=41 (full 0):
 garbage-first heap   total 244736K, used 147338K [0x0000000080000000, 0x0000000100000000)
  region size 1024K, 8 young (8192K), 8 survivors (8192K)
 Metaspace       used 98686K, committed 99648K, reserved 557056K
  class space    used 13772K, committed 14208K, reserved 425984K
}
Event: 48.439 GC heap before
{Heap before GC invocations=41 (full 0):
 garbage-first heap   total 244736K, used 199562K [0x0000000080000000, 0x0000000100000000)
  region size 1024K, 59 young (60416K), 8 survivors (8192K)
 Metaspace       used 99251K, committed 100224K, reserved 557056K
  class space    used 13823K, committed 14272K, reserved 425984K
}
Event: 48.466 GC heap after
{Heap after GC invocations=42 (full 0):
 garbage-first heap   total 244736K, used 153255K [0x0000000080000000, 0x0000000100000000)
  region size 1024K, 6 young (6144K), 6 survivors (6144K)
 Metaspace       used 99251K, committed 100224K, reserved 557056K
  class space    used 13823K, committed 14272K, reserved 425984K
}
Event: 49.507 GC heap before
{Heap before GC invocations=42 (full 0):
 garbage-first heap   total 244736K, used 205479K [0x0000000080000000, 0x0000000100000000)
  region size 1024K, 53 young (54272K), 6 survivors (6144K)
 Metaspace       used 101666K, committed 102720K, reserved 557056K
  class space    used 14051K, committed 14528K, reserved 425984K
}
Event: 49.529 GC heap after
{Heap after GC invocations=43 (full 0):
 garbage-first heap   total 244736K, used 159032K [0x0000000080000000, 0x0000000100000000)
  region size 1024K, 6 young (6144K), 6 survivors (6144K)
 Metaspace       used 101666K, committed 102720K, reserved 557056K
  class space    used 14051K, committed 14528K, reserved 425984K
}
Event: 50.618 GC heap before
{Heap before GC invocations=43 (full 0):
 garbage-first heap   total 244736K, used 202040K [0x0000000080000000, 0x0000000100000000)
  region size 1024K, 49 young (50176K), 6 survivors (6144K)
 Metaspace       used 102481K, committed 103424K, reserved 557056K
  class space    used 14151K, committed 14592K, reserved 425984K
}
Event: 50.637 GC heap after
{Heap after GC invocations=44 (full 0):
 garbage-first heap   total 332800K, used 161775K [0x0000000080000000, 0x0000000100000000)
  region size 1024K, 3 young (3072K), 3 survivors (3072K)
 Metaspace       used 102481K, committed 103424K, reserved 557056K
  class space    used 14151K, committed 14592K, reserved 425984K
}
Event: 53.190 GC heap before
{Heap before GC invocations=44 (full 0):
 garbage-first heap   total 332800K, used 272367K [0x0000000080000000, 0x0000000100000000)
  region size 1024K, 104 young (106496K), 3 survivors (3072K)
 Metaspace       used 102670K, committed 103680K, reserved 557056K
  class space    used 14156K, committed 14592K, reserved 425984K
}
Event: 53.213 GC heap after
{Heap after GC invocations=45 (full 0):
 garbage-first heap   total 332800K, used 173685K [0x0000000080000000, 0x0000000100000000)
  region size 1024K, 11 young (11264K), 11 survivors (11264K)
 Metaspace       used 102670K, committed 103680K, reserved 557056K
  class space    used 14156K, committed 14592K, reserved 425984K
}

